[0118/233944.329:ERROR:scoped_process_suspend.cc(40)] NtResumeProcess: An attempt was made to access an exiting process. (0xc000010a)
[0118/233946.154:ERROR:process_memory_win.cc(73)] ReadMemory at 0x28446386da0 of 72 bytes failed: Only part of a ReadProcessMemory or WriteProcessMemory request was completed. (0x12B)
[0118/233946.170:WARNING:pe_image_annotations_reader.cc(134)] could not read annotations list object in C:\Program Files (x86)\Google\Chrome\Application\83.0.4103.116\chrome_elf.dll
[0118/233946.173:ERROR:process_memory_win.cc(73)] ReadMemory at 0x28446170000 of 64 bytes failed: Only part of a ReadProcessMemory or WriteProcessMemory request was completed. (0x12B)
[0118/233946.173:WARNING:pe_image_reader.cc(340)] could not read dos header from C:\WINDOWS\System32\ADVAPI32.dll
[0118/233946.184:ERROR:process_memory_win.cc(73)] ReadMemory at 0x284466d5450 of 72 bytes failed: Only part of a ReadProcessMemory or WriteProcessMemory request was completed. (0x12B)
[0118/233946.184:WARNING:pe_image_annotations_reader.cc(134)] could not read annotations list object in C:\Program Files (x86)\Google\Chrome\Application\83.0.4103.116\chrome.dll
[0118/233946.202:ERROR:process_memory_win.cc(73)] ReadMemory at 0x28446386da0 of 72 bytes failed: Only part of a ReadProcessMemory or WriteProcessMemory request was completed. (0x12B)
[0118/233946.203:WARNING:pe_image_annotations_reader.cc(134)] could not read annotations list object in C:\Program Files (x86)\Google\Chrome\Application\83.0.4103.116\chrome_elf.dll
[0118/233946.203:ERROR:process_memory_win.cc(73)] ReadMemory at 0x28446170000 of 64 bytes failed: Only part of a ReadProcessMemory or WriteProcessMemory request was completed. (0x12B)
[0118/233946.204:WARNING:pe_image_reader.cc(340)] could not read dos header from C:\WINDOWS\System32\ADVAPI32.dll
[0118/233946.204:ERROR:process_memory_win.cc(73)] ReadMemory at 0x284466d5450 of 72 bytes failed: Only part of a ReadProcessMemory or WriteProcessMemory request was completed. (0x12B)
[0118/233946.204:WARNING:pe_image_annotations_reader.cc(134)] could not read annotations list object in C:\Program Files (x86)\Google\Chrome\Application\83.0.4103.116\chrome.dll
[0118/233946.205:ERROR:process_memory_win.cc(73)] ReadMemory at 0x28446386da0 of 72 bytes failed: Only part of a ReadProcessMemory or WriteProcessMemory request was completed. (0x12B)
[0118/233946.205:WARNING:pe_image_annotations_reader.cc(134)] could not read annotations list object in C:\Program Files (x86)\Google\Chrome\Application\83.0.4103.116\chrome_elf.dll
[0118/233946.207:ERROR:process_memory_win.cc(73)] ReadMemory at 0x28446170000 of 64 bytes failed: Only part of a ReadProcessMemory or WriteProcessMemory request was completed. (0x12B)
[0118/233946.207:WARNING:pe_image_reader.cc(340)] could not read dos header from C:\WINDOWS\System32\ADVAPI32.dll
[0118/233946.207:ERROR:process_memory_win.cc(73)] ReadMemory at 0x284466d5450 of 72 bytes failed: Only part of a ReadProcessMemory or WriteProcessMemory request was completed. (0x12B)
[0118/233946.207:WARNING:pe_image_annotations_reader.cc(134)] could not read annotations list object in C:\Program Files (x86)\Google\Chrome\Application\83.0.4103.116\chrome.dll
[0118/233946.253:ERROR:process_memory_win.cc(73)] ReadMemory at 0xc08c5e2000 of 122880 bytes failed: Only part of a ReadProcessMemory or WriteProcessMemory request was completed. (0x12B)
[0118/233946.257:ERROR:process_memory_win.cc(73)] ReadMemory at 0xc08cdfd000 of 12288 bytes failed: Only part of a ReadProcessMemory or WriteProcessMemory request was completed. (0x12B)
[0118/233946.257:ERROR:process_memory_win.cc(73)] ReadMemory at 0xc08ddfc000 of 16384 bytes failed: Only part of a ReadProcessMemory or WriteProcessMemory request was completed. (0x12B)
[0118/233946.257:ERROR:process_memory_win.cc(73)] ReadMemory at 0xc08e5fc000 of 16384 bytes failed: Only part of a ReadProcessMemory or WriteProcessMemory request was completed. (0x12B)
[0118/233946.257:ERROR:process_memory_win.cc(73)] ReadMemory at 0xc08edfe000 of 8192 bytes failed: Only part of a ReadProcessMemory or WriteProcessMemory request was completed. (0x12B)
[0118/233946.258:ERROR:process_memory_win.cc(73)] ReadMemory at 0xc08f5fd000 of 12288 bytes failed: Only part of a ReadProcessMemory or WriteProcessMemory request was completed. (0x12B)
[0118/233946.258:ERROR:process_memory_win.cc(73)] ReadMemory at 0xc08fdfb000 of 20480 bytes failed: Only part of a ReadProcessMemory or WriteProcessMemory request was completed. (0x12B)
[0118/233946.258:ERROR:process_memory_win.cc(73)] ReadMemory at 0xc0905fb000 of 20480 bytes failed: Only part of a ReadProcessMemory or WriteProcessMemory request was completed. (0x12B)
[0118/233946.258:ERROR:process_memory_win.cc(73)] ReadMemory at 0xc090dfc000 of 16384 bytes failed: Only part of a ReadProcessMemory or WriteProcessMemory request was completed. (0x12B)
[0118/233946.258:ERROR:process_memory_win.cc(73)] ReadMemory at 0xc0915f5000 of 45056 bytes failed: Only part of a ReadProcessMemory or WriteProcessMemory request was completed. (0x12B)
[0118/233946.259:ERROR:process_memory_win.cc(73)] ReadMemory at 0xc091dfd000 of 12288 bytes failed: Only part of a ReadProcessMemory or WriteProcessMemory request was completed. (0x12B)
[0118/233946.259:ERROR:process_memory_win.cc(73)] ReadMemory at 0xc08d5fd000 of 12288 bytes failed: Only part of a ReadProcessMemory or WriteProcessMemory request was completed. (0x12B)
[0118/233946.260:ERROR:process_memory_win.cc(73)] ReadMemory at 0xc093dfc000 of 16384 bytes failed: Only part of a ReadProcessMemory or WriteProcessMemory request was completed. (0x12B)
[0118/233946.260:ERROR:process_memory_win.cc(73)] ReadMemory at 0xc0925fd000 of 12288 bytes failed: Only part of a ReadProcessMemory or WriteProcessMemory request was completed. (0x12B)
[0118/233946.261:ERROR:process_memory_win.cc(73)] ReadMemory at 0xc092dfd000 of 12288 bytes failed: Only part of a ReadProcessMemory or WriteProcessMemory request was completed. (0x12B)
[0118/233946.261:ERROR:process_memory_win.cc(73)] ReadMemory at 0xc0935fd000 of 12288 bytes failed: Only part of a ReadProcessMemory or WriteProcessMemory request was completed. (0x12B)
[0118/233946.267:ERROR:process_memory_win.cc(73)] ReadMemory at 0xc08bc00000 of 6024 bytes failed: Only part of a ReadProcessMemory or WriteProcessMemory request was completed. (0x12B)
[0118/233946.268:ERROR:process_memory_win.cc(73)] ReadMemory at 0xc08bc02000 of 6024 bytes failed: Only part of a ReadProcessMemory or WriteProcessMemory request was completed. (0x12B)
[0118/233946.268:ERROR:process_memory_win.cc(73)] ReadMemory at 0xc08bc04000 of 6024 bytes failed: Only part of a ReadProcessMemory or WriteProcessMemory request was completed. (0x12B)
[0118/233946.268:ERROR:process_memory_win.cc(73)] ReadMemory at 0xc08bc06000 of 6024 bytes failed: Only part of a ReadProcessMemory or WriteProcessMemory request was completed. (0x12B)
[0118/233946.268:ERROR:process_memory_win.cc(73)] ReadMemory at 0xc08bc0e000 of 6024 bytes failed: Only part of a ReadProcessMemory or WriteProcessMemory request was completed. (0x12B)
[0118/233946.268:ERROR:process_memory_win.cc(73)] ReadMemory at 0xc08bc14000 of 6024 bytes failed: Only part of a ReadProcessMemory or WriteProcessMemory request was completed. (0x12B)
[0118/233946.268:ERROR:process_memory_win.cc(73)] ReadMemory at 0xc08bc5e000 of 6024 bytes failed: Only part of a ReadProcessMemory or WriteProcessMemory request was completed. (0x12B)
[0118/233946.269:ERROR:process_memory_win.cc(73)] ReadMemory at 0xc08bc62000 of 6024 bytes failed: Only part of a ReadProcessMemory or WriteProcessMemory request was completed. (0x12B)
[0118/233946.269:ERROR:process_memory_win.cc(73)] ReadMemory at 0xc08bc64000 of 6024 bytes failed: Only part of a ReadProcessMemory or WriteProcessMemory request was completed. (0x12B)
[0118/233946.269:ERROR:process_memory_win.cc(73)] ReadMemory at 0xc08bdee000 of 852 bytes failed: Only part of a ReadProcessMemory or WriteProcessMemory request was completed. (0x12B)
[0118/233946.269:ERROR:process_memory_win.cc(73)] ReadMemory at 0xc08bdef000 of 6024 bytes failed: Only part of a ReadProcessMemory or WriteProcessMemory request was completed. (0x12B)
[0118/233946.269:ERROR:process_memory_win.cc(73)] ReadMemory at 0xc08bdf1000 of 6024 bytes failed: Only part of a ReadProcessMemory or WriteProcessMemory request was completed. (0x12B)
[0118/233946.269:ERROR:process_memory_win.cc(73)] ReadMemory at 0xc08bdf5000 of 6024 bytes failed: Only part of a ReadProcessMemory or WriteProcessMemory request was completed. (0x12B)
[0118/233946.270:ERROR:process_memory_win.cc(73)] ReadMemory at 0xc08bdf7000 of 6024 bytes failed: Only part of a ReadProcessMemory or WriteProcessMemory request was completed. (0x12B)
[0118/233946.270:ERROR:process_memory_win.cc(73)] ReadMemory at 0xc08bdf9000 of 6024 bytes failed: Only part of a ReadProcessMemory or WriteProcessMemory request was completed. (0x12B)
[0118/233946.270:ERROR:process_memory_win.cc(73)] ReadMemory at 0xc08bdfb000 of 6024 bytes failed: Only part of a ReadProcessMemory or WriteProcessMemory request was completed. (0x12B)
[0118/233946.270:ERROR:process_memory_win.cc(73)] ReadMemory at 0xc08bdfd000 of 6024 bytes failed: Only part of a ReadProcessMemory or WriteProcessMemory request was completed. (0x12B)
[0118/233946.272:ERROR:process_memory_win.cc(73)] ReadMemory at 0x28445f90fe0 of 3976 bytes failed: Only part of a ReadProcessMemory or WriteProcessMemory request was completed. (0x12B)
[0118/233946.272:ERROR:process_memory_win.cc(73)] ReadMemory at 0x28445f91f70 of 1012 bytes failed: Only part of a ReadProcessMemory or WriteProcessMemory request was completed. (0x12B)
[0118/233946.272:ERROR:process_memory_win.cc(73)] ReadMemory at 0x28445f925b8 of 118 bytes failed: Only part of a ReadProcessMemory or WriteProcessMemory request was completed. (0x12B)
[0118/233946.272:ERROR:process_memory_win.cc(73)] ReadMemory at 0x28445f92630 of 1256 bytes failed: Only part of a ReadProcessMemory or WriteProcessMemory request was completed. (0x12B)
[0118/233946.272:ERROR:process_memory_win.cc(73)] ReadMemory at 0x28445f92b1a of 118 bytes failed: Only part of a ReadProcessMemory or WriteProcessMemory request was completed. (0x12B)
[0118/233946.273:ERROR:process_memory_win.cc(73)] ReadMemory at 0x28445f92b92 of 96 bytes failed: Only part of a ReadProcessMemory or WriteProcessMemory request was completed. (0x12B)
[0118/233946.273:ERROR:process_memory_win.cc(73)] ReadMemory at 0x28445f92c00 of 58 bytes failed: Only part of a ReadProcessMemory or WriteProcessMemory request was completed. (0x12B)
[0118/233946.273:ERROR:process_memory_win.cc(73)] ReadMemory at 0x28445f92d00 of 132 bytes failed: Only part of a ReadProcessMemory or WriteProcessMemory request was completed. (0x12B)
[0118/233946.273:ERROR:process_memory_win.cc(73)] ReadMemory at 0x28445f92e90 of 132 bytes failed: Only part of a ReadProcessMemory or WriteProcessMemory request was completed. (0x12B)
[0118/233946.277:ERROR:process_memory_win.cc(73)] ReadMemory at 0x28445f93060 of 126 bytes failed: Only part of a ReadProcessMemory or WriteProcessMemory request was completed. (0x12B)
[0118/233946.278:ERROR:process_memory_win.cc(73)] ReadMemory at 0x28445f93440 of 132 bytes failed: Only part of a ReadProcessMemory or WriteProcessMemory request was completed. (0x12B)
[0118/233946.278:ERROR:process_memory_win.cc(73)] ReadMemory at 0x28445f935d0 of 64 bytes failed: Only part of a ReadProcessMemory or WriteProcessMemory request was completed. (0x12B)
[0118/233946.278:ERROR:process_memory_win.cc(73)] ReadMemory at 0x28445f93a50 of 132 bytes failed: Only part of a ReadProcessMemory or WriteProcessMemory request was completed. (0x12B)
[0118/233946.278:ERROR:process_memory_win.cc(73)] ReadMemory at 0x28445f93be0 of 68 bytes failed: Only part of a ReadProcessMemory or WriteProcessMemory request was completed. (0x12B)
[0118/233946.278:ERROR:process_memory_win.cc(73)] ReadMemory at 0x28445f94e30 of 132 bytes failed: Only part of a ReadProcessMemory or WriteProcessMemory request was completed. (0x12B)
[0118/233946.278:ERROR:process_memory_win.cc(73)] ReadMemory at 0x28445f94fd0 of 132 bytes failed: Only part of a ReadProcessMemory or WriteProcessMemory request was completed. (0x12B)
[0118/233946.278:ERROR:process_memory_win.cc(73)] ReadMemory at 0x28445f95160 of 154 bytes failed: Only part of a ReadProcessMemory or WriteProcessMemory request was completed. (0x12B)
[0118/233946.278:ERROR:process_memory_win.cc(73)] ReadMemory at 0x28445f95930 of 62 bytes failed: Only part of a ReadProcessMemory or WriteProcessMemory request was completed. (0x12B)
[0118/233946.278:ERROR:process_memory_win.cc(73)] ReadMemory at 0x28445f95fd0 of 132 bytes failed: Only part of a ReadProcessMemory or WriteProcessMemory request was completed. (0x12B)
[0118/233946.281:ERROR:process_memory_win.cc(73)] ReadMemory at 0x28445f96170 of 132 bytes failed: Only part of a ReadProcessMemory or WriteProcessMemory request was completed. (0x12B)
[0118/233946.281:ERROR:process_memory_win.cc(73)] ReadMemory at 0x28445f96780 of 60 bytes failed: Only part of a ReadProcessMemory or WriteProcessMemory request was completed. (0x12B)
[0118/233946.285:ERROR:process_memory_win.cc(73)] ReadMemory at 0x28445f96881 of 512 bytes failed: Only part of a ReadProcessMemory or WriteProcessMemory request was completed. (0x12B)
[0118/233946.286:ERROR:process_memory_win.cc(73)] ReadMemory at 0x28445f9a550 of 146 bytes failed: Only part of a ReadProcessMemory or WriteProcessMemory request was completed. (0x12B)
[0118/233946.286:ERROR:process_memory_win.cc(73)] ReadMemory at 0x28445f9a630 of 132 bytes failed: Only part of a ReadProcessMemory or WriteProcessMemory request was completed. (0x12B)
[0118/233946.286:ERROR:process_memory_win.cc(73)] ReadMemory at 0x28445f9a9f0 of 60 bytes failed: Only part of a ReadProcessMemory or WriteProcessMemory request was completed. (0x12B)
[0118/233946.286:ERROR:process_memory_win.cc(73)] ReadMemory at 0x28445f9ab30 of 64 bytes failed: Only part of a ReadProcessMemory or WriteProcessMemory request was completed. (0x12B)
[0118/233946.286:ERROR:process_memory_win.cc(73)] ReadMemory at 0x28445f9ab80 of 62 bytes failed: Only part of a ReadProcessMemory or WriteProcessMemory request was completed. (0x12B)
[0118/233946.286:ERROR:process_memory_win.cc(73)] ReadMemory at 0x28445f9abd0 of 62 bytes failed: Only part of a ReadProcessMemory or WriteProcessMemory request was completed. (0x12B)
[0118/233946.287:ERROR:process_memory_win.cc(73)] ReadMemory at 0x28445f9ae00 of 60 bytes failed: Only part of a ReadProcessMemory or WriteProcessMemory request was completed. (0x12B)
[0118/233946.287:ERROR:process_memory_win.cc(73)] ReadMemory at 0x28445f9ae50 of 64 bytes failed: Only part of a ReadProcessMemory or WriteProcessMemory request was completed. (0x12B)
[0118/233946.287:ERROR:process_memory_win.cc(73)] ReadMemory at 0x28445f9af40 of 64 bytes failed: Only part of a ReadProcessMemory or WriteProcessMemory request was completed. (0x12B)
[0118/233946.287:ERROR:process_memory_win.cc(73)] ReadMemory at 0x28445f9af90 of 66 bytes failed: Only part of a ReadProcessMemory or WriteProcessMemory request was completed. (0x12B)
[0118/233946.291:ERROR:process_memory_win.cc(73)] ReadMemory at 0x28445f9b030 of 62 bytes failed: Only part of a ReadProcessMemory or WriteProcessMemory request was completed. (0x12B)
[0118/233946.291:ERROR:process_memory_win.cc(73)] ReadMemory at 0x28445f9b080 of 64 bytes failed: Only part of a ReadProcessMemory or WriteProcessMemory request was completed. (0x12B)
[0118/233946.291:ERROR:process_memory_win.cc(73)] ReadMemory at 0x28445f9bb70 of 132 bytes failed: Only part of a ReadProcessMemory or WriteProcessMemory request was completed. (0x12B)
[0118/233946.291:ERROR:process_memory_win.cc(73)] ReadMemory at 0x28445f9bca0 of 132 bytes failed: Only part of a ReadProcessMemory or WriteProcessMemory request was completed. (0x12B)
[0118/233946.291:ERROR:process_memory_win.cc(73)] ReadMemory at 0x28445f9bdd0 of 132 bytes failed: Only part of a ReadProcessMemory or WriteProcessMemory request was completed. (0x12B)
[0118/233946.293:ERROR:process_memory_win.cc(73)] ReadMemory at 0x28445f9c030 of 132 bytes failed: Only part of a ReadProcessMemory or WriteProcessMemory request was completed. (0x12B)
[0118/233946.293:ERROR:process_memory_win.cc(73)] ReadMemory at 0x28445f9c240 of 132 bytes failed: Only part of a ReadProcessMemory or WriteProcessMemory request was completed. (0x12B)
[0118/233946.293:ERROR:process_memory_win.cc(73)] ReadMemory at 0x28445f9cd80 of 132 bytes failed: Only part of a ReadProcessMemory or WriteProcessMemory request was completed. (0x12B)
[0118/233946.294:ERROR:process_memory_win.cc(73)] ReadMemory at 0x28445f9ceb0 of 132 bytes failed: Only part of a ReadProcessMemory or WriteProcessMemory request was completed. (0x12B)
[0118/233946.294:ERROR:process_memory_win.cc(73)] ReadMemory at 0x28445f9cfe0 of 132 bytes failed: Only part of a ReadProcessMemory or WriteProcessMemory request was completed. (0x12B)
[0118/233946.294:ERROR:process_memory_win.cc(73)] ReadMemory at 0x28445f9d110 of 132 bytes failed: Only part of a ReadProcessMemory or WriteProcessMemory request was completed. (0x12B)
[0118/233946.294:ERROR:process_memory_win.cc(73)] ReadMemory at 0x28445f9d370 of 132 bytes failed: Only part of a ReadProcessMemory or WriteProcessMemory request was completed. (0x12B)
[0118/233946.294:ERROR:process_memory_win.cc(73)] ReadMemory at 0x28445f9d4a0 of 132 bytes failed: Only part of a ReadProcessMemory or WriteProcessMemory request was completed. (0x12B)
[0118/233946.294:ERROR:process_memory_win.cc(73)] ReadMemory at 0x28445f9d5d0 of 132 bytes failed: Only part of a ReadProcessMemory or WriteProcessMemory request was completed. (0x12B)
[0118/233946.295:ERROR:process_memory_win.cc(73)] ReadMemory at 0x28445f9d700 of 132 bytes failed: Only part of a ReadProcessMemory or WriteProcessMemory request was completed. (0x12B)
[0118/233946.295:ERROR:process_memory_win.cc(73)] ReadMemory at 0x28445f9d830 of 132 bytes failed: Only part of a ReadProcessMemory or WriteProcessMemory request was completed. (0x12B)
[0118/233946.295:ERROR:process_memory_win.cc(73)] ReadMemory at 0x28445f9d960 of 132 bytes failed: Only part of a ReadProcessMemory or WriteProcessMemory request was completed. (0x12B)
[0118/233946.295:ERROR:process_memory_win.cc(73)] ReadMemory at 0x28445f9da90 of 132 bytes failed: Only part of a ReadProcessMemory or WriteProcessMemory request was completed. (0x12B)
[0118/233946.295:ERROR:process_memory_win.cc(73)] ReadMemory at 0x28445f9dbc0 of 132 bytes failed: Only part of a ReadProcessMemory or WriteProcessMemory request was completed. (0x12B)
[0118/233946.295:ERROR:process_memory_win.cc(73)] ReadMemory at 0x28445fa18b0 of 132 bytes failed: Only part of a ReadProcessMemory or WriteProcessMemory request was completed. (0x12B)
[0118/233946.295:ERROR:process_memory_win.cc(73)] ReadMemory at 0x28445fa4e80 of 132 bytes failed: Only part of a ReadProcessMemory or WriteProcessMemory request was completed. (0x12B)
[0118/233946.295:ERROR:process_memory_win.cc(73)] ReadMemory at 0x28445fa5e70 of 78 bytes failed: Only part of a ReadProcessMemory or WriteProcessMemory request was completed. (0x12B)
[0118/233946.295:ERROR:process_memory_win.cc(73)] ReadMemory at 0x28445fa5ff0 of 80 bytes failed: Only part of a ReadProcessMemory or WriteProcessMemory request was completed. (0x12B)
[0118/233946.298:ERROR:process_memory_win.cc(73)] ReadMemory at 0x28445fa6350 of 80 bytes failed: Only part of a ReadProcessMemory or WriteProcessMemory request was completed. (0x12B)
[0118/233946.298:ERROR:process_memory_win.cc(73)] ReadMemory at 0x28445fa7450 of 64 bytes failed: Only part of a ReadProcessMemory or WriteProcessMemory request was completed. (0x12B)
[0118/233946.299:ERROR:process_memory_win.cc(73)] ReadMemory at 0x28445fa75e0 of 62 bytes failed: Only part of a ReadProcessMemory or WriteProcessMemory request was completed. (0x12B)
[0118/233946.299:ERROR:process_memory_win.cc(73)] ReadMemory at 0x28445fa7630 of 62 bytes failed: Only part of a ReadProcessMemory or WriteProcessMemory request was completed. (0x12B)
[0118/233946.299:ERROR:process_memory_win.cc(73)] ReadMemory at 0x28445fa7680 of 66 bytes failed: Only part of a ReadProcessMemory or WriteProcessMemory request was completed. (0x12B)
[0118/233946.299:ERROR:process_memory_win.cc(73)] ReadMemory at 0x28445fa76d0 of 62 bytes failed: Only part of a ReadProcessMemory or WriteProcessMemory request was completed. (0x12B)
[0118/233946.300:ERROR:process_memory_win.cc(73)] ReadMemory at 0x28445fa7810 of 58 bytes failed: Only part of a ReadProcessMemory or WriteProcessMemory request was completed. (0x12B)
[0118/233946.300:ERROR:process_memory_win.cc(73)] ReadMemory at 0x28445fa7860 of 60 bytes failed: Only part of a ReadProcessMemory or WriteProcessMemory request was completed. (0x12B)
[0118/233946.300:ERROR:process_memory_win.cc(73)] ReadMemory at 0x28445fa78b0 of 60 bytes failed: Only part of a ReadProcessMemory or WriteProcessMemory request was completed. (0x12B)
[0118/233946.307:ERROR:process_memory_win.cc(73)] ReadMemory at 0x28445fa7900 of 62 bytes failed: Only part of a ReadProcessMemory or WriteProcessMemory request was completed. (0x12B)
[0118/233946.307:ERROR:process_memory_win.cc(73)] ReadMemory at 0x28445fa7a40 of 64 bytes failed: Only part of a ReadProcessMemory or WriteProcessMemory request was completed. (0x12B)
[0118/233946.307:ERROR:process_memory_win.cc(73)] ReadMemory at 0x28445fa7cc0 of 58 bytes failed: Only part of a ReadProcessMemory or WriteProcessMemory request was completed. (0x12B)
[0118/233946.308:ERROR:process_memory_win.cc(73)] ReadMemory at 0x28445fa7d60 of 62 bytes failed: Only part of a ReadProcessMemory or WriteProcessMemory request was completed. (0x12B)
[0118/233946.308:ERROR:process_memory_win.cc(73)] ReadMemory at 0x28445fa7db0 of 58 bytes failed: Only part of a ReadProcessMemory or WriteProcessMemory request was completed. (0x12B)
[0118/233946.308:ERROR:process_memory_win.cc(73)] ReadMemory at 0x28445fa7fe0 of 62 bytes failed: Only part of a ReadProcessMemory or WriteProcessMemory request was completed. (0x12B)
[0118/233946.312:ERROR:process_memory_win.cc(73)] ReadMemory at 0x28445fa8030 of 62 bytes failed: Only part of a ReadProcessMemory or WriteProcessMemory request was completed. (0x12B)
[0118/233946.312:ERROR:process_memory_win.cc(73)] ReadMemory at 0x28445fa8170 of 60 bytes failed: Only part of a ReadProcessMemory or WriteProcessMemory request was completed. (0x12B)
[0118/233946.314:ERROR:process_memory_win.cc(73)] ReadMemory at 0x28445fa81c0 of 64 bytes failed: Only part of a ReadProcessMemory or WriteProcessMemory request was completed. (0x12B)
[0118/233946.314:ERROR:process_memory_win.cc(73)] ReadMemory at 0x28445fa8260 of 60 bytes failed: Only part of a ReadProcessMemory or WriteProcessMemory request was completed. (0x12B)
[0118/233946.315:ERROR:process_memory_win.cc(73)] ReadMemory at 0x28445fa8870 of 132 bytes failed: Only part of a ReadProcessMemory or WriteProcessMemory request was completed. (0x12B)
[0118/233946.315:ERROR:process_memory_win.cc(73)] ReadMemory at 0x28445fa89a0 of 132 bytes failed: Only part of a ReadProcessMemory or WriteProcessMemory request was completed. (0x12B)
[0118/233946.315:ERROR:process_memory_win.cc(73)] ReadMemory at 0x28445fa8c00 of 132 bytes failed: Only part of a ReadProcessMemory or WriteProcessMemory request was completed. (0x12B)
[0118/233946.315:ERROR:process_memory_win.cc(73)] ReadMemory at 0x28445fa90c0 of 132 bytes failed: Only part of a ReadProcessMemory or WriteProcessMemory request was completed. (0x12B)
[0118/233946.315:ERROR:process_memory_win.cc(73)] ReadMemory at 0x28445fa9450 of 132 bytes failed: Only part of a ReadProcessMemory or WriteProcessMemory request was completed. (0x12B)
[0118/233946.316:ERROR:process_memory_win.cc(73)] ReadMemory at 0x28445fa9580 of 132 bytes failed: Only part of a ReadProcessMemory or WriteProcessMemory request was completed. (0x12B)
[0118/233946.316:ERROR:process_memory_win.cc(73)] ReadMemory at 0x28445fa96b0 of 132 bytes failed: Only part of a ReadProcessMemory or WriteProcessMemory request was completed. (0x12B)
[0118/233946.316:ERROR:process_memory_win.cc(73)] ReadMemory at 0x28445fa97e0 of 132 bytes failed: Only part of a ReadProcessMemory or WriteProcessMemory request was completed. (0x12B)
[0118/233946.316:ERROR:process_memory_win.cc(73)] ReadMemory at 0x28445fa9910 of 132 bytes failed: Only part of a ReadProcessMemory or WriteProcessMemory request was completed. (0x12B)
[0118/233946.316:ERROR:process_memory_win.cc(73)] ReadMemory at 0x28445fa9a40 of 132 bytes failed: Only part of a ReadProcessMemory or WriteProcessMemory request was completed. (0x12B)
[0118/233946.316:ERROR:process_memory_win.cc(73)] ReadMemory at 0x28445fa9b70 of 132 bytes failed: Only part of a ReadProcessMemory or WriteProcessMemory request was completed. (0x12B)
[0118/233946.316:ERROR:process_memory_win.cc(73)] ReadMemory at 0x28445fa9ca0 of 132 bytes failed: Only part of a ReadProcessMemory or WriteProcessMemory request was completed. (0x12B)
[0118/233946.317:ERROR:process_memory_win.cc(73)] ReadMemory at 0x28445fa9dd0 of 132 bytes failed: Only part of a ReadProcessMemory or WriteProcessMemory request was completed. (0x12B)
[0118/233946.317:ERROR:process_memory_win.cc(73)] ReadMemory at 0x28445fa9f00 of 132 bytes failed: Only part of a ReadProcessMemory or WriteProcessMemory request was completed. (0x12B)
[0118/233946.318:ERROR:process_memory_win.cc(73)] ReadMemory at 0x28445faa030 of 132 bytes failed: Only part of a ReadProcessMemory or WriteProcessMemory request was completed. (0x12B)
[0118/233946.318:ERROR:process_memory_win.cc(73)] ReadMemory at 0x28445fbb4f0 of 62 bytes failed: Only part of a ReadProcessMemory or WriteProcessMemory request was completed. (0x12B)
[0118/233946.318:ERROR:process_memory_win.cc(73)] ReadMemory at 0x28445fbb8b0 of 62 bytes failed: Only part of a ReadProcessMemory or WriteProcessMemory request was completed. (0x12B)
[0118/233946.318:ERROR:process_memory_win.cc(73)] ReadMemory at 0x28445fbbc20 of 56 bytes failed: Only part of a ReadProcessMemory or WriteProcessMemory request was completed. (0x12B)
[0118/233946.319:ERROR:process_memory_win.cc(73)] ReadMemory at 0x28445fbbc70 of 60 bytes failed: Only part of a ReadProcessMemory or WriteProcessMemory request was completed. (0x12B)
[0118/233946.319:ERROR:process_memory_win.cc(73)] ReadMemory at 0x28445fc56a0 of 512 bytes failed: Only part of a ReadProcessMemory or WriteProcessMemory request was completed. (0x12B)
[0118/233946.319:ERROR:process_memory_win.cc(73)] ReadMemory at 0x28445fc94f0 of 512 bytes failed: Only part of a ReadProcessMemory or WriteProcessMemory request was completed. (0x12B)
[0118/233946.319:ERROR:process_memory_win.cc(73)] ReadMemory at 0x28446270000 of 384 bytes failed: Only part of a ReadProcessMemory or WriteProcessMemory request was completed. (0x12B)
[0118/233946.319:ERROR:process_memory_win.cc(73)] ReadMemory at 0x2844627022c of 512 bytes failed: Only part of a ReadProcessMemory or WriteProcessMemory request was completed. (0x12B)
[0118/233946.320:ERROR:process_memory_win.cc(73)] ReadMemory at 0x28446271300 of 512 bytes failed: Only part of a ReadProcessMemory or WriteProcessMemory request was completed. (0x12B)
[0118/233946.329:ERROR:process_memory_win.cc(73)] ReadMemory at 0x284466f7298 of 512 bytes failed: Only part of a ReadProcessMemory or WriteProcessMemory request was completed. (0x12B)
[0118/233946.329:ERROR:process_memory_win.cc(73)] ReadMemory at 0x2844670db20 of 712 bytes failed: Only part of a ReadProcessMemory or WriteProcessMemory request was completed. (0x12B)
[0118/233946.329:ERROR:process_memory_win.cc(73)] ReadMemory at 0x2844671aaf0 of 512 bytes failed: Only part of a ReadProcessMemory or WriteProcessMemory request was completed. (0x12B)
[0118/233946.331:ERROR:process_memory_win.cc(73)] ReadMemory at 0x2844678c5b0 of 512 bytes failed: Only part of a ReadProcessMemory or WriteProcessMemory request was completed. (0x12B)
[0118/233946.331:ERROR:process_memory_win.cc(73)] ReadMemory at 0x2844679d740 of 512 bytes failed: Only part of a ReadProcessMemory or WriteProcessMemory request was completed. (0x12B)
[0118/233946.331:ERROR:process_memory_win.cc(73)] ReadMemory at 0x28447fe9e10 of 512 bytes failed: Only part of a ReadProcessMemory or WriteProcessMemory request was completed. (0x12B)
[0118/233946.331:ERROR:process_memory_win.cc(73)] ReadMemory at 0x28448002448 of 512 bytes failed: Only part of a ReadProcessMemory or WriteProcessMemory request was completed. (0x12B)
[0118/233946.332:ERROR:process_memory_win.cc(73)] ReadMemory at 0x2844906a090 of 512 bytes failed: Only part of a ReadProcessMemory or WriteProcessMemory request was completed. (0x12B)
[0118/233946.332:ERROR:process_memory_win.cc(73)] ReadMemory at 0x284490cbc00 of 512 bytes failed: Only part of a ReadProcessMemory or WriteProcessMemory request was completed. (0x12B)
[0118/233946.332:ERROR:process_memory_win.cc(73)] ReadMemory at 0x2844911fbc0 of 512 bytes failed: Only part of a ReadProcessMemory or WriteProcessMemory request was completed. (0x12B)
[0118/233946.332:ERROR:process_memory_win.cc(73)] ReadMemory at 0x28449177de0 of 512 bytes failed: Only part of a ReadProcessMemory or WriteProcessMemory request was completed. (0x12B)
[0118/233946.332:ERROR:process_memory_win.cc(73)] ReadMemory at 0x28449437de0 of 512 bytes failed: Only part of a ReadProcessMemory or WriteProcessMemory request was completed. (0x12B)
[0118/233946.332:ERROR:process_memory_win.cc(73)] ReadMemory at 0x28449716940 of 512 bytes failed: Only part of a ReadProcessMemory or WriteProcessMemory request was completed. (0x12B)
[0118/233946.333:ERROR:process_memory_win.cc(73)] ReadMemory at 0x28449717030 of 512 bytes failed: Only part of a ReadProcessMemory or WriteProcessMemory request was completed. (0x12B)
[0118/233946.333:ERROR:process_memory_win.cc(73)] ReadMemory at 0x28449909a78 of 512 bytes failed: Only part of a ReadProcessMemory or WriteProcessMemory request was completed. (0x12B)
[0118/233946.334:ERROR:process_memory_win.cc(73)] ReadMemory at 0x28449921350 of 512 bytes failed: Only part of a ReadProcessMemory or WriteProcessMemory request was completed. (0x12B)
[0118/233946.334:ERROR:process_memory_win.cc(73)] ReadMemory at 0x51d4085c8f65 of 512 bytes failed: Only part of a ReadProcessMemory or WriteProcessMemory request was completed. (0x12B)
[0118/233946.334:ERROR:process_memory_win.cc(73)] ReadMemory at 0x7ffd12140000 of 385 bytes failed: Only part of a ReadProcessMemory or WriteProcessMemory request was completed. (0x12B)
[0118/233946.334:ERROR:process_memory_win.cc(73)] ReadMemory at 0x7ffd12146314 of 512 bytes failed: Only part of a ReadProcessMemory or WriteProcessMemory request was completed. (0x12B)
[0118/233946.334:ERROR:process_memory_win.cc(73)] ReadMemory at 0x7ffd1214ecb1 of 512 bytes failed: Only part of a ReadProcessMemory or WriteProcessMemory request was completed. (0x12B)
[0118/233946.334:ERROR:process_memory_win.cc(73)] ReadMemory at 0x7ffd12a50260 of 512 bytes failed: Only part of a ReadProcessMemory or WriteProcessMemory request was completed. (0x12B)
[0118/233946.334:ERROR:process_memory_win.cc(73)] ReadMemory at 0x7ffd140467f0 of 512 bytes failed: Only part of a ReadProcessMemory or WriteProcessMemory request was completed. (0x12B)
[0118/233946.334:ERROR:process_memory_win.cc(73)] ReadMemory at 0x7ffd1452a148 of 512 bytes failed: Only part of a ReadProcessMemory or WriteProcessMemory request was completed. (0x12B)
[0118/233946.335:ERROR:process_memory_win.cc(73)] ReadMemory at 0x7ffd18805b58 of 512 bytes failed: Only part of a ReadProcessMemory or WriteProcessMemory request was completed. (0x12B)
[0118/233946.335:ERROR:process_memory_win.cc(73)] ReadMemory at 0x7ffd18c7edeb of 512 bytes failed: Only part of a ReadProcessMemory or WriteProcessMemory request was completed. (0x12B)
[0118/233946.335:ERROR:process_memory_win.cc(73)] ReadMemory at 0x7ffd1996bfc0 of 512 bytes failed: Only part of a ReadProcessMemory or WriteProcessMemory request was completed. (0x12B)
[0118/233946.335:ERROR:process_memory_win.cc(73)] ReadMemory at 0x7ffd65cd4ee9 of 512 bytes failed: Only part of a ReadProcessMemory or WriteProcessMemory request was completed. (0x12B)
[0118/233946.335:ERROR:process_memory_win.cc(73)] ReadMemory at 0x7ffd65f2d788 of 512 bytes failed: Only part of a ReadProcessMemory or WriteProcessMemory request was completed. (0x12B)
[0118/233946.335:ERROR:process_memory_win.cc(73)] ReadMemory at 0x7ffd6847b7eb of 512 bytes failed: Only part of a ReadProcessMemory or WriteProcessMemory request was completed. (0x12B)
[0118/233946.335:ERROR:process_memory_win.cc(73)] ReadMemory at 0x7ffd684ecd74 of 672 bytes failed: Only part of a ReadProcessMemory or WriteProcessMemory request was completed. (0x12B)
[0118/233946.335:ERROR:process_memory_win.cc(73)] ReadMemory at 0x7ffd684ed374 of 512 bytes failed: Only part of a ReadProcessMemory or WriteProcessMemory request was completed. (0x12B)
[0118/233946.336:ERROR:process_memory_win.cc(73)] ReadMemory at 0x7ffd684f06e4 of 608 bytes failed: Only part of a ReadProcessMemory or WriteProcessMemory request was completed. (0x12B)
[0118/233946.336:ERROR:process_memory_win.cc(73)] ReadMemory at 0x7ffd68580b30 of 18 bytes failed: Only part of a ReadProcessMemory or WriteProcessMemory request was completed. (0x12B)
[0118/233946.336:ERROR:process_memory_win.cc(73)] ReadMemory at 0x7ffd685b44f8 of 40 bytes failed: Only part of a ReadProcessMemory or WriteProcessMemory request was completed. (0x12B)
[0118/233946.336:ERROR:process_memory_win.cc(73)] ReadMemory at 0x7ffd685b4978 of 48 bytes failed: Only part of a ReadProcessMemory or WriteProcessMemory request was completed. (0x12B)
[0118/233946.336:ERROR:process_memory_win.cc(73)] ReadMemory at 0x7ffd685ba4c0 of 64 bytes failed: Only part of a ReadProcessMemory or WriteProcessMemory request was completed. (0x12B)
[0118/233946.338:ERROR:scoped_process_suspend.cc(40)] NtResumeProcess: An attempt was made to access an exiting process. (0xc000010a)
[0311/080010.002:ERROR:process_reader_win.cc(151)] SuspendThread: Access is denied. (0x5)
[0311/080010.003:ERROR:process_reader_win.cc(151)] SuspendThread: Access is denied. (0x5)
[0311/080010.006:ERROR:process_reader_win.cc(151)] SuspendThread: Access is denied. (0x5)
[0311/080010.006:ERROR:process_reader_win.cc(151)] SuspendThread: Access is denied. (0x5)
[0311/080010.006:ERROR:process_reader_win.cc(151)] SuspendThread: Access is denied. (0x5)
[0311/080010.006:ERROR:process_reader_win.cc(151)] SuspendThread: Access is denied. (0x5)
[0311/080010.006:ERROR:process_reader_win.cc(151)] SuspendThread: Access is denied. (0x5)
[0311/080010.006:ERROR:process_reader_win.cc(151)] SuspendThread: Access is denied. (0x5)
[0311/080010.006:ERROR:process_reader_win.cc(151)] SuspendThread: Access is denied. (0x5)
[0311/080010.006:ERROR:process_reader_win.cc(151)] SuspendThread: Access is denied. (0x5)
[0311/080010.006:ERROR:process_reader_win.cc(151)] SuspendThread: Access is denied. (0x5)
[0311/080010.006:ERROR:process_reader_win.cc(151)] SuspendThread: Access is denied. (0x5)
[0311/080010.007:ERROR:process_reader_win.cc(151)] SuspendThread: Access is denied. (0x5)
[0311/080010.007:ERROR:process_reader_win.cc(151)] SuspendThread: Access is denied. (0x5)
[0311/080010.006:ERROR:process_reader_win.cc(123)] NtOpenThread: {Access Denied} A process has requested access to an object, but has not been granted those access rights. (0xc0000022)
[0311/080010.007:ERROR:exception_snapshot_win.cc(98)] thread ID 14392 not found in process
[0311/080010.007:ERROR:process_reader_win.cc(123)] NtOpenThread: {Access Denied} A process has requested access to an object, but has not been granted those access rights. (0xc0000022)
[0311/080010.008:ERROR:exception_snapshot_win.cc(98)] thread ID 20468 not found in process
[0311/080010.028:ERROR:process_reader_win.cc(123)] NtOpenThread: {Access Denied} A process has requested access to an object, but has not been granted those access rights. (0xc0000022)
[0311/080010.028:ERROR:exception_snapshot_win.cc(98)] thread ID 14876 not found in process
[0311/080010.028:ERROR:process_reader_win.cc(123)] NtOpenThread: {Access Denied} A process has requested access to an object, but has not been granted those access rights. (0xc0000022)
[0311/080010.028:ERROR:exception_snapshot_win.cc(98)] thread ID 192 not found in process
[0330/010337.471:ERROR:process_reader_win.cc(123)] NtOpenThread: {Access Denied} A process has requested access to an object, but has not been granted those access rights. (0xc0000022)
[0330/010337.471:ERROR:exception_snapshot_win.cc(98)] thread ID 14280 not found in process
[0330/010337.502:ERROR:process_reader_win.cc(123)] NtOpenThread: {Access Denied} A process has requested access to an object, but has not been granted those access rights. (0xc0000022)
[0330/010337.502:ERROR:exception_snapshot_win.cc(98)] thread ID 6076 not found in process
